<?xml version="1.0" encoding="UTF-8"?>
<testng-results skipped="0" failed="0" total="1" passed="1">
  <reporter-output>
  </reporter-output>
  <suite name="Suite" duration-ms="169498" started-at="2017-05-15T11:07:17Z" finished-at="2017-05-15T11:10:06Z">
    <groups>
    </groups>
    <test name="Test" duration-ms="169498" started-at="2017-05-15T11:07:17Z" finished-at="2017-05-15T11:10:06Z">
      <class name="com.trianz.SimpleAndroidSettingTest">
        <test-method status="PASS" signature="setUp()[pri:0, instance:com.trianz.SimpleAndroidSettingTest@1810399e]" name="setUp" is-config="true" duration-ms="25081" started-at="2017-05-15T16:37:17Z" finished-at="2017-05-15T16:37:42Z">
          <reporter-output>
          </reporter-output>
        </test-method> <!-- setUp -->
        <test-method status="PASS" signature="Setting()[pri:0, instance:com.trianz.SimpleAndroidSettingTest@1810399e]" name="Setting" duration-ms="139138" started-at="2017-05-15T16:37:42Z" finished-at="2017-05-15T16:40:01Z">
          <reporter-output>
          </reporter-output>
        </test-method> <!-- Setting -->
        <test-method status="PASS" signature="End()[pri:0, instance:com.trianz.SimpleAndroidSettingTest@1810399e]" name="End" is-config="true" duration-ms="5270" started-at="2017-05-15T16:40:01Z" finished-at="2017-05-15T16:40:06Z">
          <reporter-output>
          </reporter-output>
        </test-method> <!-- End -->
      </class> <!-- com.trianz.SimpleAndroidSettingTest -->
    </test> <!-- Test -->
  </suite> <!-- Suite -->
</testng-results>
