<?xml version="1.0" encoding="UTF-8"?>
<testng-results skipped="0" failed="0" total="1" passed="1">
  <reporter-output>
  </reporter-output>
  <suite name="Default suite" duration-ms="257050" started-at="2017-05-11T11:43:53Z" finished-at="2017-05-11T11:48:10Z">
    <groups>
    </groups>
    <test name="Default test" duration-ms="257050" started-at="2017-05-11T11:43:53Z" finished-at="2017-05-11T11:48:10Z">
      <class name="com.trianz.SimpleAndroidSettingTest">
        <test-method status="PASS" signature="setUp()[pri:0, instance:com.trianz.SimpleAndroidSettingTest@3567135c]" name="setUp" is-config="true" duration-ms="28222" started-at="2017-05-11T17:13:53Z" finished-at="2017-05-11T17:14:21Z">
          <reporter-output>
          </reporter-output>
        </test-method> <!-- setUp -->
        <test-method status="PASS" signature="Setting()[pri:0, instance:com.trianz.SimpleAndroidSettingTest@3567135c]" name="Setting" duration-ms="222927" started-at="2017-05-11T17:14:21Z" finished-at="2017-05-11T17:18:04Z">
          <reporter-output>
          </reporter-output>
        </test-method> <!-- Setting -->
        <test-method status="PASS" signature="End()[pri:0, instance:com.trianz.SimpleAndroidSettingTest@3567135c]" name="End" is-config="true" duration-ms="5882" started-at="2017-05-11T17:18:04Z" finished-at="2017-05-11T17:18:10Z">
          <reporter-output>
          </reporter-output>
        </test-method> <!-- End -->
      </class> <!-- com.trianz.SimpleAndroidSettingTest -->
    </test> <!-- Default test -->
  </suite> <!-- Default suite -->
</testng-results>
